#
# A fatal error has been detected by the Java Runtime Environment:
#
#  EXCEPTION_ACCESS_VIOLATION (0xc0000005) at pc=0x00007fff223cb4f3, pid=16580, tid=24784
#
# JRE version: OpenJDK Runtime Environment Temurin-17.0.4+8 (17.0.4+8) (build 17.0.4+8)
# Java VM: OpenJDK 64-Bit Server VM Temurin-17.0.4+8 (17.0.4+8, mixed mode, sharing, tiered, compressed oops, compressed class ptrs, g1 gc, windows-amd64)
# Problematic frame:
# C  [ntdll.dll+0x2b4f3]
#
# No core dump will be written. Minidumps are not enabled by default on client versions of Windows
#
# If you would like to submit a bug report, please visit:
#   https://github.com/adoptium/adoptium-support/issues
# The crash happened outside the Java Virtual Machine in native code.
# See problematic frame for where to report the bug.
#

---------------  S U M M A R Y ------------

Command Line: -Dfile.encoding=windows-1252 -Duser.country=IN -Duser.language=en -Duser.variant com.stars.game.DesktopLauncher

Host: 11th Gen Intel(R) Core(TM) i5-1135G7 @ 2.40GHz, 8 cores, 7G,  Windows 11 , 64 bit Build 22000 (10.0.22000.1219)
Time: Tue Nov 15 13:24:23 2022 India Standard Time elapsed time: 5.620015 seconds (0d 0h 0m 5s)

---------------  T H R E A D  ---------------

Current thread (0x0000029840b506d0):  JavaThread "main" [_thread_in_native, id=24784, stack(0x000000c841d00000,0x000000c841e00000)]

Stack: [0x000000c841d00000,0x000000c841e00000],  sp=0x000000c841dfe0f0,  free space=1016k
Native frames: (J=compiled Java code, j=interpreted, Vv=VM code, C=native code)
C  [ntdll.dll+0x2b4f3]
C  [ntdll.dll+0x2929c]
C  [msvcrt.dll+0x1c750]
C  [gdx64.dll+0xe351]

Java frames: (J=compiled Java code, j=interpreted, Vv=VM code)
j  com.badlogic.gdx.graphics.g2d.Gdx2DPixmap.load([J[BII)Ljava/nio/ByteBuffer;+0
j  com.badlogic.gdx.graphics.g2d.Gdx2DPixmap.<init>([BIII)V+19
j  com.badlogic.gdx.graphics.Pixmap.<init>(Lcom/badlogic/gdx/files/FileHandle;)V+38
j  com.badlogic.gdx.graphics.TextureData$Factory.loadFromFile(Lcom/badlogic/gdx/files/FileHandle;Lcom/badlogic/gdx/graphics/Pixmap$Format;Z)Lcom/badlogic/gdx/graphics/TextureData;+99
j  com.badlogic.gdx.graphics.Texture.<init>(Lcom/badlogic/gdx/files/FileHandle;Lcom/badlogic/gdx/graphics/Pixmap$Format;Z)V+4
j  com.badlogic.gdx.graphics.g2d.TextureAtlas.load(Lcom/badlogic/gdx/graphics/g2d/TextureAtlas$TextureAtlasData;)V+65
j  com.badlogic.gdx.graphics.g2d.TextureAtlas.<init>(Lcom/badlogic/gdx/graphics/g2d/TextureAtlas$TextureAtlasData;)V+29
j  com.badlogic.gdx.graphics.g2d.TextureAtlas.<init>(Lcom/badlogic/gdx/files/FileHandle;Lcom/badlogic/gdx/files/FileHandle;Z)V+11
j  com.badlogic.gdx.graphics.g2d.TextureAtlas.<init>(Lcom/badlogic/gdx/files/FileHandle;Lcom/badlogic/gdx/files/FileHandle;)V+4
j  com.badlogic.gdx.graphics.g2d.TextureAtlas.<init>(Lcom/badlogic/gdx/files/FileHandle;)V+6
j  com.badlogic.gdx.scenes.scene2d.ui.Skin.<init>(Lcom/badlogic/gdx/files/FileHandle;)V+118
j  Screens.HomeMenu.<init>(Lcom/stars/game/MarioBros;)V+24
j  Screens.HomeMenu2$1.clicked(Lcom/badlogic/gdx/scenes/scene2d/InputEvent;FF)V+18
j  com.badlogic.gdx.scenes.scene2d.utils.ClickListener.touchUp(Lcom/badlogic/gdx/scenes/scene2d/InputEvent;FFII)V+108
J 1020 c1 com.badlogic.gdx.scenes.scene2d.InputListener.handle(Lcom/badlogic/gdx/scenes/scene2d/Event;)Z (361 bytes) @ 0x0000029848d7ef2c [0x0000029848d7d900+0x000000000000162c]
j  com.badlogic.gdx.scenes.scene2d.Stage.touchUp(IIII)Z+213
j  com.badlogic.gdx.InputEventQueue.drain(Lcom/badlogic/gdx/InputProcessor;)V+273
j  com.badlogic.gdx.backends.lwjgl3.DefaultLwjgl3Input.update()V+8
j  com.badlogic.gdx.backends.lwjgl3.Lwjgl3Window.update()Z+126
j  com.badlogic.gdx.backends.lwjgl3.Lwjgl3Application.loop()V+111
j  com.badlogic.gdx.backends.lwjgl3.Lwjgl3Application.<init>(Lcom/badlogic/gdx/ApplicationListener;Lcom/badlogic/gdx/backends/lwjgl3/Lwjgl3ApplicationConfiguration;)V+269
j  com.stars.game.DesktopLauncher.main([Ljava/lang/String;)V+47
v  ~StubRoutines::call_stub

siginfo: EXCEPTION_ACCESS_VIOLATION (0xc0000005), reading address 0x00000000feffffff


Register to memory mapping:

RIP=0x00007fff223cb4f3 ntdll.dll
RAX=0x0000000000dc002c is an unknown value
RBX=0x000002983e940000 points into unknown readable memory: 0x0000000000000000 | 00 00 00 00 00 00 00 00
RCX=0x0000000000002cf0 is an unknown value
RDX=0x000000000000002c is an unknown value
RSP=0x000000c841dfe0f0 is pointing into the stack for thread: 0x0000029840b506d0
RBP=0x000000c841dfe3e9 is pointing into the stack for thread: 0x0000029840b506d0
RSI=0x0 is NULL
RDI=0x00000000dc002cf0 is an unallocated location in the heap
R8 =0x0000029868075fa0 points into unknown readable memory: 0x0000000000000001 | 01 00 00 00 00 00 00 00
R9 =0x0000000000004890 is an unknown value
R10=0x00000000ffffffff is an unallocated location in the heap
R11=0x00007fff224d6860 ntdll.dll
R12=0x00000000feffffff is an unallocated location in the heap
R13=0x0000000000000489 is an unknown value
R14=0x0000029868075fb0 points into unknown readable memory: 0x0000000000000000 | 00 00 00 00 00 00 00 00
R15=0x0000029868075fa0 points into unknown readable memory: 0x0000000000000001 | 01 00 00 00 00 00 00 00


Registers:
RAX=0x0000000000dc002c, RBX=0x000002983e940000, RCX=0x0000000000002cf0, RDX=0x000000000000002c
RSP=0x000000c841dfe0f0, RBP=0x000000c841dfe3e9, RSI=0x0000000000000000, RDI=0x00000000dc002cf0
R8 =0x0000029868075fa0, R9 =0x0000000000004890, R10=0x00000000ffffffff, R11=0x00007fff224d6860
R12=0x00000000feffffff, R13=0x0000000000000489, R14=0x0000029868075fb0, R15=0x0000029868075fa0
RIP=0x00007fff223cb4f3, EFLAGS=0x0000000000010212

Top of Stack: (sp=0x000000c841dfe0f0)
0x000000c841dfe0f0:   77b78d452b345020 47567aa529aea32d
0x000000c841dfe100:   293f6ae76a39da66 ec000017baa009df
0x000000c841dfe110:   086ff35564c001db 6010e77fcd5f54a0
0x000000c841dfe120:   0000000100c00001 0000000000000489
0x000000c841dfe130:   0000000000000000 0000000000000000
0x000000c841dfe140:   0000000000000000 0000000000000001
0x000000c841dfe150:   0000000000000000 0000000000000000
0x000000c841dfe160:   0000000000000000 0000000000000000
0x000000c841dfe170:   0000000000000000 0000000000000000
0x000000c841dfe180:   0000029868075fa0 0000000000000000
0x000000c841dfe190:   0000000000000000 0000000000000000
0x000000c841dfe1a0:   0000000000000000 00000000000003ff
0x000000c841dfe1b0:   0000000000000000 0000000000000000
0x000000c841dfe1c0:   0000000000000000 000002983e940150
0x000000c841dfe1d0:   0000000000000000 0000000000000000
0x000000c841dfe1e0:   0000000000000000 0000000000000000 

Instructions: (pc=0x00007fff223cb4f3)
0x00007fff223cb3f3:   08 44 2b 4e 18 41 c1 e9 05 41 ff c9 48 8b 46 28
0x00007fff223cb403:   4c 8d 04 b8 4c 89 84 24 d0 00 00 00 41 83 e7 1f
0x00007fff223cb413:   41 8b d2 41 0f b6 cf d3 e2 41 23 10 90 85 d2 75
0x00007fff223cb423:   20 41 3b f9 0f 87 19 10 00 00 49 83 c0 04 4c 89
0x00007fff223cb433:   84 24 d0 00 00 00 41 8b 10 ff c7 89 7c 24 6c eb
0x00007fff223cb443:   dc 8b ca 66 85 d2 0f 85 35 05 00 00 f7 c2 00 00
0x00007fff223cb453:   ff 00 0f 85 70 05 00 00 48 c1 e9 18 42 0f b6 0c
0x00007fff223cb463:   19 83 c1 18 c1 e7 05 03 f9 89 7c 24 6c 44 39 76
0x00007fff223cb473:   0c 0f 85 6e 13 00 00 48 8b 46 30 4c 8b 34 f8 4d
0x00007fff223cb483:   85 f6 0f 84 c3 0f 00 00 4c 39 b4 24 d8 00 00 00
0x00007fff223cb493:   0f 84 73 05 00 00 4d 8d 7e f0 4c 89 bc 24 90 00
0x00007fff223cb4a3:   00 00 83 7b 7c 00 74 27 8b 93 88 00 00 00 41 33
0x00007fff223cb4b3:   57 08 41 89 57 08 8b ca c1 e9 10 8b c2 c1 e8 08
0x00007fff223cb4c3:   32 c8 32 ca c1 ea 18 3a d1 0f 85 1d 13 00 00 41
0x00007fff223cb4d3:   0f b7 4f 08 0f b7 d1 66 c1 ea 08 4c 8b 6c 24 38
0x00007fff223cb4e3:   49 3b cd 0f 82 34 13 00 00 49 8b 36 4d 8b 67 18
0x00007fff223cb4f3:   49 8b 04 24 4c 8b 4e 08 49 3b c1 0f 85 fb 12 00
0x00007fff223cb503:   00 49 3b c6 0f 85 f2 12 00 00 48 29 8b c0 00 00
0x00007fff223cb513:   00 48 8b 93 38 01 00 00 48 85 d2 74 3e 41 0f b7
0x00007fff223cb523:   4f 08 66 66 66 0f 1f 84 00 00 00 00 00 8b 42 08
0x00007fff223cb533:   48 3b c8 0f 83 4f 01 00 00 48 8b c1 48 89 8c 24
0x00007fff223cb543:   e0 00 00 00 48 89 4c 24 28 89 44 24 20 4d 8b ce
0x00007fff223cb553:   41 b0 01 48 8b cb e8 32 32 00 00 49 89 34 24 4c
0x00007fff223cb563:   89 66 08 49 8d 7f 0a f6 07 08 0f 85 7a 05 00 00
0x00007fff223cb573:   4d 8b e7 4c 89 7c 24 38 44 0f b6 37 44 88 74 24
0x00007fff223cb583:   40 44 8b 54 24 34 45 85 d2 0f 84 89 05 00 00 4c
0x00007fff223cb593:   89 bc 24 80 00 00 00 f6 07 01 0f 85 ec 12 00 00
0x00007fff223cb5a3:   8b 44 24 58 88 07 41 0f b7 7f 08 49 2b fd 66 45
0x00007fff223cb5b3:   89 6f 08 48 8b 8c 24 78 02 00 00 48 2b 8c 24 70
0x00007fff223cb5c3:   02 00 00 48 89 8c 24 78 01 00 00 48 83 f9 3f 0f
0x00007fff223cb5d3:   83 db 12 00 00 41 88 4f 0f 41 c6 47 0b 00 48 85
0x00007fff223cb5e3:   ff 0f 84 1a 04 00 00 48 83 ff 01 0f 84 d2 04 00 


Stack slot to memory mapping:
stack at sp + 0 slots: 0x77b78d452b345020 is an unknown value
stack at sp + 1 slots: 0x47567aa529aea32d is an unknown value
stack at sp + 2 slots: 0x293f6ae76a39da66 is an unknown value
stack at sp + 3 slots: 0xec000017baa009df is an unknown value
stack at sp + 4 slots: 0x086ff35564c001db is an unknown value
stack at sp + 5 slots: 0x6010e77fcd5f54a0 is an unknown value
stack at sp + 6 slots: 0x0000000100c00001 is an unknown value
stack at sp + 7 slots: 0x0000000000000489 is an unknown value


---------------  P R O C E S S  ---------------

Threads class SMR info:
_java_thread_list=0x00000298626a2dc0, length=13, elements={
0x0000029840b506d0, 0x000002985eccd9f0, 0x000002985ecce3a0, 0x000002985ece56a0,
0x000002985ece6050, 0x000002985ece6a00, 0x000002985ece73b0, 0x000002985ece90a0,
0x000002985ececf90, 0x000002985ecf89b0, 0x000002985f90c6f0, 0x000002985f915fa0,
0x00000298627dabb0
}

Java Threads: ( => current thread )
=>0x0000029840b506d0 JavaThread "main" [_thread_in_native, id=24784, stack(0x000000c841d00000,0x000000c841e00000)]
  0x000002985eccd9f0 JavaThread "Reference Handler" daemon [_thread_blocked, id=19544, stack(0x000000c842400000,0x000000c842500000)]
  0x000002985ecce3a0 JavaThread "Finalizer" daemon [_thread_blocked, id=11892, stack(0x000000c842500000,0x000000c842600000)]
  0x000002985ece56a0 JavaThread "Signal Dispatcher" daemon [_thread_blocked, id=19284, stack(0x000000c842600000,0x000000c842700000)]
  0x000002985ece6050 JavaThread "Attach Listener" daemon [_thread_blocked, id=19316, stack(0x000000c842700000,0x000000c842800000)]
  0x000002985ece6a00 JavaThread "Service Thread" daemon [_thread_blocked, id=18040, stack(0x000000c842800000,0x000000c842900000)]
  0x000002985ece73b0 JavaThread "Monitor Deflation Thread" daemon [_thread_blocked, id=27252, stack(0x000000c842900000,0x000000c842a00000)]
  0x000002985ece90a0 JavaThread "C2 CompilerThread0" daemon [_thread_blocked, id=11532, stack(0x000000c842a00000,0x000000c842b00000)]
  0x000002985ececf90 JavaThread "C1 CompilerThread0" daemon [_thread_blocked, id=16432, stack(0x000000c842b00000,0x000000c842c00000)]
  0x000002985ecf89b0 JavaThread "Sweeper thread" daemon [_thread_blocked, id=27932, stack(0x000000c842c00000,0x000000c842d00000)]
  0x000002985f90c6f0 JavaThread "Notification Thread" daemon [_thread_blocked, id=7944, stack(0x000000c842d00000,0x000000c842e00000)]
  0x000002985f915fa0 JavaThread "Common-Cleaner" daemon [_thread_blocked, id=24996, stack(0x000000c842f00000,0x000000c843000000)]
  0x00000298627dabb0 JavaThread "LWJGL3 Timer" daemon [_thread_blocked, id=21860, stack(0x000000c843a00000,0x000000c843b00000)]

Other Threads:
  0x000002985ecca060 VMThread "VM Thread" [stack: 0x000000c842300000,0x000000c842400000] [id=10796]
  0x0000029840bc0bc0 WatcherThread [stack: 0x000000c842e00000,0x000000c842f00000] [id=30340]
  0x0000029840ba9a20 GCTaskThread "GC Thread#0" [stack: 0x000000c841e00000,0x000000c841f00000] [id=24416]
  0x0000029840bba140 ConcurrentGCThread "G1 Main Marker" [stack: 0x000000c841f00000,0x000000c842000000] [id=18080]
  0x0000029840bbb2f0 ConcurrentGCThread "G1 Conc#0" [stack: 0x000000c842000000,0x000000c842100000] [id=29524]
  0x000002985eb6d1d0 ConcurrentGCThread "G1 Refine#0" [stack: 0x000000c842100000,0x000000c842200000] [id=29256]
  0x000002985eb6e9b0 ConcurrentGCThread "G1 Service" [stack: 0x000000c842200000,0x000000c842300000] [id=6896]

Threads with active compile tasks:

VM state: not at safepoint (normal execution)

VM Mutex/Monitor currently owned by a thread: None

Heap address: 0x0000000084c00000, size: 1972 MB, Compressed Oops mode: 32-bit

CDS archive(s) mapped at: [0x0000000800000000-0x0000000800bc0000-0x0000000800bc0000), size 12320768, SharedBaseAddress: 0x0000000800000000, ArchiveRelocationMode: 0.
Compressed class space mapped at: 0x0000000800c00000-0x0000000840c00000, reserved size: 1073741824
Narrow klass base: 0x0000000800000000, Narrow klass shift: 0, Narrow klass range: 0x100000000

GC Precious Log:
 CPUs: 8 total, 8 available
 Memory: 7886M
 Large Page Support: Disabled
 NUMA Support: Disabled
 Compressed Oops: Enabled (32-bit)
 Heap Region Size: 1M
 Heap Min Capacity: 8M
 Heap Initial Capacity: 124M
 Heap Max Capacity: 1972M
 Pre-touch: Disabled
 Parallel Workers: 8
 Concurrent Workers: 2
 Concurrent Refinement Workers: 8
 Periodic GC: Disabled

Heap:
 garbage-first heap   total 126976K, used 20480K [0x0000000084c00000, 0x0000000100000000)
  region size 1024K, 22 young (22528K), 0 survivors (0K)
 Metaspace       used 6634K, committed 6784K, reserved 1064960K
  class space    used 508K, committed 576K, reserved 1048576K

Heap Regions: E=young(eden), S=young(survivor), O=old, HS=humongous(starts), HC=humongous(continues), CS=collection set, F=free, OA=open archive, CA=closed archive, TAMS=top-at-mark-start (previous, next)
|   0|0x0000000084c00000, 0x0000000084c00000, 0x0000000084d00000|  0%| F|  |TAMS 0x0000000084c00000, 0x0000000084c00000| Untracked 
|   1|0x0000000084d00000, 0x0000000084d00000, 0x0000000084e00000|  0%| F|  |TAMS 0x0000000084d00000, 0x0000000084d00000| Untracked 
|   2|0x0000000084e00000, 0x0000000084e00000, 0x0000000084f00000|  0%| F|  |TAMS 0x0000000084e00000, 0x0000000084e00000| Untracked 
|   3|0x0000000084f00000, 0x0000000084f00000, 0x0000000085000000|  0%| F|  |TAMS 0x0000000084f00000, 0x0000000084f00000| Untracked 
|   4|0x0000000085000000, 0x0000000085000000, 0x0000000085100000|  0%| F|  |TAMS 0x0000000085000000, 0x0000000085000000| Untracked 
|   5|0x0000000085100000, 0x0000000085100000, 0x0000000085200000|  0%| F|  |TAMS 0x0000000085100000, 0x0000000085100000| Untracked 
|   6|0x0000000085200000, 0x0000000085200000, 0x0000000085300000|  0%| F|  |TAMS 0x0000000085200000, 0x0000000085200000| Untracked 
|   7|0x0000000085300000, 0x0000000085300000, 0x0000000085400000|  0%| F|  |TAMS 0x0000000085300000, 0x0000000085300000| Untracked 
|   8|0x0000000085400000, 0x0000000085400000, 0x0000000085500000|  0%| F|  |TAMS 0x0000000085400000, 0x0000000085400000| Untracked 
|   9|0x0000000085500000, 0x0000000085500000, 0x0000000085600000|  0%| F|  |TAMS 0x0000000085500000, 0x0000000085500000| Untracked 
|  10|0x0000000085600000, 0x0000000085600000, 0x0000000085700000|  0%| F|  |TAMS 0x0000000085600000, 0x0000000085600000| Untracked 
|  11|0x0000000085700000, 0x0000000085700000, 0x0000000085800000|  0%| F|  |TAMS 0x0000000085700000, 0x0000000085700000| Untracked 
|  12|0x0000000085800000, 0x0000000085800000, 0x0000000085900000|  0%| F|  |TAMS 0x0000000085800000, 0x0000000085800000| Untracked 
|  13|0x0000000085900000, 0x0000000085900000, 0x0000000085a00000|  0%| F|  |TAMS 0x0000000085900000, 0x0000000085900000| Untracked 
|  14|0x0000000085a00000, 0x0000000085a00000, 0x0000000085b00000|  0%| F|  |TAMS 0x0000000085a00000, 0x0000000085a00000| Untracked 
|  15|0x0000000085b00000, 0x0000000085b00000, 0x0000000085c00000|  0%| F|  |TAMS 0x0000000085b00000, 0x0000000085b00000| Untracked 
|  16|0x0000000085c00000, 0x0000000085c00000, 0x0000000085d00000|  0%| F|  |TAMS 0x0000000085c00000, 0x0000000085c00000| Untracked 
|  17|0x0000000085d00000, 0x0000000085d00000, 0x0000000085e00000|  0%| F|  |TAMS 0x0000000085d00000, 0x0000000085d00000| Untracked 
|  18|0x0000000085e00000, 0x0000000085e00000, 0x0000000085f00000|  0%| F|  |TAMS 0x0000000085e00000, 0x0000000085e00000| Untracked 
|  19|0x0000000085f00000, 0x0000000085f00000, 0x0000000086000000|  0%| F|  |TAMS 0x0000000085f00000, 0x0000000085f00000| Untracked 
|  20|0x0000000086000000, 0x0000000086000000, 0x0000000086100000|  0%| F|  |TAMS 0x0000000086000000, 0x0000000086000000| Untracked 
|  21|0x0000000086100000, 0x0000000086100000, 0x0000000086200000|  0%| F|  |TAMS 0x0000000086100000, 0x0000000086100000| Untracked 
|  22|0x0000000086200000, 0x0000000086200000, 0x0000000086300000|  0%| F|  |TAMS 0x0000000086200000, 0x0000000086200000| Untracked 
|  23|0x0000000086300000, 0x0000000086300000, 0x0000000086400000|  0%| F|  |TAMS 0x0000000086300000, 0x0000000086300000| Untracked 
|  24|0x0000000086400000, 0x0000000086400000, 0x0000000086500000|  0%| F|  |TAMS 0x0000000086400000, 0x0000000086400000| Untracked 
|  25|0x0000000086500000, 0x0000000086500000, 0x0000000086600000|  0%| F|  |TAMS 0x0000000086500000, 0x0000000086500000| Untracked 
|  26|0x0000000086600000, 0x0000000086600000, 0x0000000086700000|  0%| F|  |TAMS 0x0000000086600000, 0x0000000086600000| Untracked 
|  27|0x0000000086700000, 0x0000000086700000, 0x0000000086800000|  0%| F|  |TAMS 0x0000000086700000, 0x0000000086700000| Untracked 
|  28|0x0000000086800000, 0x0000000086800000, 0x0000000086900000|  0%| F|  |TAMS 0x0000000086800000, 0x0000000086800000| Untracked 
|  29|0x0000000086900000, 0x0000000086900000, 0x0000000086a00000|  0%| F|  |TAMS 0x0000000086900000, 0x0000000086900000| Untracked 
|  30|0x0000000086a00000, 0x0000000086a00000, 0x0000000086b00000|  0%| F|  |TAMS 0x0000000086a00000, 0x0000000086a00000| Untracked 
|  31|0x0000000086b00000, 0x0000000086b00000, 0x0000000086c00000|  0%| F|  |TAMS 0x0000000086b00000, 0x0000000086b00000| Untracked 
|  32|0x0000000086c00000, 0x0000000086c00000, 0x0000000086d00000|  0%| F|  |TAMS 0x0000000086c00000, 0x0000000086c00000| Untracked 
|  33|0x0000000086d00000, 0x0000000086d00000, 0x0000000086e00000|  0%| F|  |TAMS 0x0000000086d00000, 0x0000000086d00000| Untracked 
|  34|0x0000000086e00000, 0x0000000086e00000, 0x0000000086f00000|  0%| F|  |TAMS 0x0000000086e00000, 0x0000000086e00000| Untracked 
|  35|0x0000000086f00000, 0x0000000086f00000, 0x0000000087000000|  0%| F|  |TAMS 0x0000000086f00000, 0x0000000086f00000| Untracked 
|  36|0x0000000087000000, 0x0000000087000000, 0x0000000087100000|  0%| F|  |TAMS 0x0000000087000000, 0x0000000087000000| Untracked 
|  37|0x0000000087100000, 0x0000000087100000, 0x0000000087200000|  0%| F|  |TAMS 0x0000000087100000, 0x0000000087100000| Untracked 
|  38|0x0000000087200000, 0x0000000087200000, 0x0000000087300000|  0%| F|  |TAMS 0x0000000087200000, 0x0000000087200000| Untracked 
|  39|0x0000000087300000, 0x0000000087300000, 0x0000000087400000|  0%| F|  |TAMS 0x0000000087300000, 0x0000000087300000| Untracked 
|  40|0x0000000087400000, 0x0000000087400000, 0x0000000087500000|  0%| F|  |TAMS 0x0000000087400000, 0x0000000087400000| Untracked 
|  41|0x0000000087500000, 0x0000000087500000, 0x0000000087600000|  0%| F|  |TAMS 0x0000000087500000, 0x0000000087500000| Untracked 
|  42|0x0000000087600000, 0x0000000087600000, 0x0000000087700000|  0%| F|  |TAMS 0x0000000087600000, 0x0000000087600000| Untracked 
|  43|0x0000000087700000, 0x0000000087700000, 0x0000000087800000|  0%| F|  |TAMS 0x0000000087700000, 0x0000000087700000| Untracked 
|  44|0x0000000087800000, 0x0000000087800000, 0x0000000087900000|  0%| F|  |TAMS 0x0000000087800000, 0x0000000087800000| Untracked 
|  45|0x0000000087900000, 0x0000000087900000, 0x0000000087a00000|  0%| F|  |TAMS 0x0000000087900000, 0x0000000087900000| Untracked 
|  46|0x0000000087a00000, 0x0000000087a00000, 0x0000000087b00000|  0%| F|  |TAMS 0x0000000087a00000, 0x0000000087a00000| Untracked 
|  47|0x0000000087b00000, 0x0000000087b00000, 0x0000000087c00000|  0%| F|  |TAMS 0x0000000087b00000, 0x0000000087b00000| Untracked 
|  48|0x0000000087c00000, 0x0000000087c00000, 0x0000000087d00000|  0%| F|  |TAMS 0x0000000087c00000, 0x0000000087c00000| Untracked 
|  49|0x0000000087d00000, 0x0000000087d00000, 0x0000000087e00000|  0%| F|  |TAMS 0x0000000087d00000, 0x0000000087d00000| Untracked 
|  50|0x0000000087e00000, 0x0000000087e00000, 0x0000000087f00000|  0%| F|  |TAMS 0x0000000087e00000, 0x0000000087e00000| Untracked 
|  51|0x0000000087f00000, 0x0000000087f00000, 0x0000000088000000|  0%| F|  |TAMS 0x0000000087f00000, 0x0000000087f00000| Untracked 
|  52|0x0000000088000000, 0x0000000088000000, 0x0000000088100000|  0%| F|  |TAMS 0x0000000088000000, 0x0000000088000000| Untracked 
|  53|0x0000000088100000, 0x0000000088100000, 0x0000000088200000|  0%| F|  |TAMS 0x0000000088100000, 0x0000000088100000| Untracked 
|  54|0x0000000088200000, 0x0000000088200000, 0x0000000088300000|  0%| F|  |TAMS 0x0000000088200000, 0x0000000088200000| Untracked 
|  55|0x0000000088300000, 0x0000000088300000, 0x0000000088400000|  0%| F|  |TAMS 0x0000000088300000, 0x0000000088300000| Untracked 
|  56|0x0000000088400000, 0x0000000088400000, 0x0000000088500000|  0%| F|  |TAMS 0x0000000088400000, 0x0000000088400000| Untracked 
|  57|0x0000000088500000, 0x0000000088500000, 0x0000000088600000|  0%| F|  |TAMS 0x0000000088500000, 0x0000000088500000| Untracked 
|  58|0x0000000088600000, 0x0000000088600000, 0x0000000088700000|  0%| F|  |TAMS 0x0000000088600000, 0x0000000088600000| Untracked 
|  59|0x0000000088700000, 0x0000000088700000, 0x0000000088800000|  0%| F|  |TAMS 0x0000000088700000, 0x0000000088700000| Untracked 
|  60|0x0000000088800000, 0x0000000088800000, 0x0000000088900000|  0%| F|  |TAMS 0x0000000088800000, 0x0000000088800000| Untracked 
|  61|0x0000000088900000, 0x0000000088900000, 0x0000000088a00000|  0%| F|  |TAMS 0x0000000088900000, 0x0000000088900000| Untracked 
|  62|0x0000000088a00000, 0x0000000088a00000, 0x0000000088b00000|  0%| F|  |TAMS 0x0000000088a00000, 0x0000000088a00000| Untracked 
|  63|0x0000000088b00000, 0x0000000088b00000, 0x0000000088c00000|  0%| F|  |TAMS 0x0000000088b00000, 0x0000000088b00000| Untracked 
|  64|0x0000000088c00000, 0x0000000088c00000, 0x0000000088d00000|  0%| F|  |TAMS 0x0000000088c00000, 0x0000000088c00000| Untracked 
|  65|0x0000000088d00000, 0x0000000088d00000, 0x0000000088e00000|  0%| F|  |TAMS 0x0000000088d00000, 0x0000000088d00000| Untracked 
|  66|0x0000000088e00000, 0x0000000088e00000, 0x0000000088f00000|  0%| F|  |TAMS 0x0000000088e00000, 0x0000000088e00000| Untracked 
|  67|0x0000000088f00000, 0x0000000088f00000, 0x0000000089000000|  0%| F|  |TAMS 0x0000000088f00000, 0x0000000088f00000| Untracked 
|  68|0x0000000089000000, 0x0000000089000000, 0x0000000089100000|  0%| F|  |TAMS 0x0000000089000000, 0x0000000089000000| Untracked 
|  69|0x0000000089100000, 0x0000000089100000, 0x0000000089200000|  0%| F|  |TAMS 0x0000000089100000, 0x0000000089100000| Untracked 
|  70|0x0000000089200000, 0x0000000089200000, 0x0000000089300000|  0%| F|  |TAMS 0x0000000089200000, 0x0000000089200000| Untracked 
|  71|0x0000000089300000, 0x0000000089300000, 0x0000000089400000|  0%| F|  |TAMS 0x0000000089300000, 0x0000000089300000| Untracked 
|  72|0x0000000089400000, 0x0000000089400000, 0x0000000089500000|  0%| F|  |TAMS 0x0000000089400000, 0x0000000089400000| Untracked 
|  73|0x0000000089500000, 0x0000000089500000, 0x0000000089600000|  0%| F|  |TAMS 0x0000000089500000, 0x0000000089500000| Untracked 
|  74|0x0000000089600000, 0x0000000089600000, 0x0000000089700000|  0%| F|  |TAMS 0x0000000089600000, 0x0000000089600000| Untracked 
|  75|0x0000000089700000, 0x0000000089700000, 0x0000000089800000|  0%| F|  |TAMS 0x0000000089700000, 0x0000000089700000| Untracked 
|  76|0x0000000089800000, 0x0000000089800000, 0x0000000089900000|  0%| F|  |TAMS 0x0000000089800000, 0x0000000089800000| Untracked 
|  77|0x0000000089900000, 0x0000000089900000, 0x0000000089a00000|  0%| F|  |TAMS 0x0000000089900000, 0x0000000089900000| Untracked 
|  78|0x0000000089a00000, 0x0000000089a00000, 0x0000000089b00000|  0%| F|  |TAMS 0x0000000089a00000, 0x0000000089a00000| Untracked 
|  79|0x0000000089b00000, 0x0000000089b00000, 0x0000000089c00000|  0%| F|  |TAMS 0x0000000089b00000, 0x0000000089b00000| Untracked 
|  80|0x0000000089c00000, 0x0000000089c00000, 0x0000000089d00000|  0%| F|  |TAMS 0x0000000089c00000, 0x0000000089c00000| Untracked 
|  81|0x0000000089d00000, 0x0000000089d00000, 0x0000000089e00000|  0%| F|  |TAMS 0x0000000089d00000, 0x0000000089d00000| Untracked 
|  82|0x0000000089e00000, 0x0000000089e00000, 0x0000000089f00000|  0%| F|  |TAMS 0x0000000089e00000, 0x0000000089e00000| Untracked 
|  83|0x0000000089f00000, 0x0000000089f00000, 0x000000008a000000|  0%| F|  |TAMS 0x0000000089f00000, 0x0000000089f00000| Untracked 
|  84|0x000000008a000000, 0x000000008a000000, 0x000000008a100000|  0%| F|  |TAMS 0x000000008a000000, 0x000000008a000000| Untracked 
|  85|0x000000008a100000, 0x000000008a100000, 0x000000008a200000|  0%| F|  |TAMS 0x000000008a100000, 0x000000008a100000| Untracked 
|  86|0x000000008a200000, 0x000000008a200000, 0x000000008a300000|  0%| F|  |TAMS 0x000000008a200000, 0x000000008a200000| Untracked 
|  87|0x000000008a300000, 0x000000008a300000, 0x000000008a400000|  0%| F|  |TAMS 0x000000008a300000, 0x000000008a300000| Untracked 
|  88|0x000000008a400000, 0x000000008a400000, 0x000000008a500000|  0%| F|  |TAMS 0x000000008a400000, 0x000000008a400000| Untracked 
|  89|0x000000008a500000, 0x000000008a500000, 0x000000008a600000|  0%| F|  |TAMS 0x000000008a500000, 0x000000008a500000| Untracked 
|  90|0x000000008a600000, 0x000000008a600000, 0x000000008a700000|  0%| F|  |TAMS 0x000000008a600000, 0x000000008a600000| Untracked 
|  91|0x000000008a700000, 0x000000008a700000, 0x000000008a800000|  0%| F|  |TAMS 0x000000008a700000, 0x000000008a700000| Untracked 
|  92|0x000000008a800000, 0x000000008a800000, 0x000000008a900000|  0%| F|  |TAMS 0x000000008a800000, 0x000000008a800000| Untracked 
|  93|0x000000008a900000, 0x000000008a900000, 0x000000008aa00000|  0%| F|  |TAMS 0x000000008a900000, 0x000000008a900000| Untracked 
|  94|0x000000008aa00000, 0x000000008aa00000, 0x000000008ab00000|  0%| F|  |TAMS 0x000000008aa00000, 0x000000008aa00000| Untracked 
|  95|0x000000008ab00000, 0x000000008ab00000, 0x000000008ac00000|  0%| F|  |TAMS 0x000000008ab00000, 0x000000008ab00000| Untracked 
|  96|0x000000008ac00000, 0x000000008ac00000, 0x000000008ad00000|  0%| F|  |TAMS 0x000000008ac00000, 0x000000008ac00000| Untracked 
|  97|0x000000008ad00000, 0x000000008ad00000, 0x000000008ae00000|  0%| F|  |TAMS 0x000000008ad00000, 0x000000008ad00000| Untracked 
|  98|0x000000008ae00000, 0x000000008ae00000, 0x000000008af00000|  0%| F|  |TAMS 0x000000008ae00000, 0x000000008ae00000| Untracked 
|  99|0x000000008af00000, 0x000000008af00000, 0x000000008b000000|  0%| F|  |TAMS 0x000000008af00000, 0x000000008af00000| Untracked 
| 100|0x000000008b000000, 0x000000008b000000, 0x000000008b100000|  0%| F|  |TAMS 0x000000008b000000, 0x000000008b000000| Untracked 
| 101|0x000000008b100000, 0x000000008b100000, 0x000000008b200000|  0%| F|  |TAMS 0x000000008b100000, 0x000000008b100000| Untracked 
| 102|0x000000008b200000, 0x000000008b300000, 0x000000008b300000|100%| E|  |TAMS 0x000000008b200000, 0x000000008b200000| Complete 
| 103|0x000000008b300000, 0x000000008b400000, 0x000000008b400000|100%| E|  |TAMS 0x000000008b300000, 0x000000008b300000| Complete 
| 104|0x000000008b400000, 0x000000008b500000, 0x000000008b500000|100%| E|CS|TAMS 0x000000008b400000, 0x000000008b400000| Complete 
| 105|0x000000008b500000, 0x000000008b600000, 0x000000008b600000|100%| E|CS|TAMS 0x000000008b500000, 0x000000008b500000| Complete 
| 106|0x000000008b600000, 0x000000008b700000, 0x000000008b700000|100%| E|CS|TAMS 0x000000008b600000, 0x000000008b600000| Complete 
| 107|0x000000008b700000, 0x000000008b800000, 0x000000008b800000|100%| E|CS|TAMS 0x000000008b700000, 0x000000008b700000| Complete 
| 108|0x000000008b800000, 0x000000008b900000, 0x000000008b900000|100%| E|CS|TAMS 0x000000008b800000, 0x000000008b800000| Complete 
| 109|0x000000008b900000, 0x000000008ba00000, 0x000000008ba00000|100%| E|CS|TAMS 0x000000008b900000, 0x000000008b900000| Complete 
| 110|0x000000008ba00000, 0x000000008bb00000, 0x000000008bb00000|100%| E|CS|TAMS 0x000000008ba00000, 0x000000008ba00000| Complete 
| 111|0x000000008bb00000, 0x000000008bc00000, 0x000000008bc00000|100%| E|CS|TAMS 0x000000008bb00000, 0x000000008bb00000| Complete 
| 112|0x000000008bc00000, 0x000000008bd00000, 0x000000008bd00000|100%| E|CS|TAMS 0x000000008bc00000, 0x000000008bc00000| Complete 
| 113|0x000000008bd00000, 0x000000008be00000, 0x000000008be00000|100%| E|CS|TAMS 0x000000008bd00000, 0x000000008bd00000| Complete 
| 114|0x000000008be00000, 0x000000008bf00000, 0x000000008bf00000|100%| E|CS|TAMS 0x000000008be00000, 0x000000008be00000| Complete 
| 115|0x000000008bf00000, 0x000000008c000000, 0x000000008c000000|100%| E|CS|TAMS 0x000000008bf00000, 0x000000008bf00000| Complete 
| 116|0x000000008c000000, 0x000000008c100000, 0x000000008c100000|100%| E|CS|TAMS 0x000000008c000000, 0x000000008c000000| Complete 
| 117|0x000000008c100000, 0x000000008c200000, 0x000000008c200000|100%| E|CS|TAMS 0x000000008c100000, 0x000000008c100000| Complete 
| 118|0x000000008c200000, 0x000000008c300000, 0x000000008c300000|100%| E|CS|TAMS 0x000000008c200000, 0x000000008c200000| Complete 
| 119|0x000000008c300000, 0x000000008c400000, 0x000000008c400000|100%| E|CS|TAMS 0x000000008c300000, 0x000000008c300000| Complete 
| 120|0x000000008c400000, 0x000000008c500000, 0x000000008c500000|100%| E|CS|TAMS 0x000000008c400000, 0x000000008c400000| Complete 
| 121|0x000000008c500000, 0x000000008c600000, 0x000000008c600000|100%| E|CS|TAMS 0x000000008c500000, 0x000000008c500000| Complete 
| 122|0x000000008c600000, 0x000000008c700000, 0x000000008c700000|100%| E|CS|TAMS 0x000000008c600000, 0x000000008c600000| Complete 
| 123|0x000000008c700000, 0x000000008c800000, 0x000000008c800000|100%| E|CS|TAMS 0x000000008c700000, 0x000000008c700000| Complete 

Card table byte_map: [0x0000029857d40000,0x0000029858120000] _byte_map_base: 0x000002985791a000

Marking Bits (Prev, Next): (CMBitMap*) 0x0000029840baa030, (CMBitMap*) 0x0000029840baa070
 Prev Bits: [0x0000029858500000, 0x000002985a3d0000)
 Next Bits: [0x000002985a3d0000, 0x000002985c2a0000)

Polling page: 0x0000029840320000

Metaspace:

Usage:
  Non-class:      5.98 MB used.
      Class:    508.78 KB used.
       Both:      6.48 MB used.

Virtual space:
  Non-class space:       16.00 MB reserved,       6.06 MB ( 38%) committed,  2 nodes.
      Class space:        1.00 GB reserved,     576.00 KB ( <1%) committed,  1 nodes.
             Both:        1.02 GB reserved,       6.62 MB ( <1%) committed. 

Chunk freelists:
   Non-Class:  3.56 MB
       Class:  3.35 MB
        Both:  6.91 MB

MaxMetaspaceSize: unlimited
CompressedClassSpaceSize: 1.00 GB
Initial GC threshold: 21.00 MB
Current GC threshold: 21.00 MB
CDS: on
MetaspaceReclaimPolicy: balanced
 - commit_granule_bytes: 65536.
 - commit_granule_words: 8192.
 - virtual_space_node_default_size: 1048576.
 - enlarge_chunks_in_place: 1.
 - new_chunks_are_fully_committed: 0.
 - uncommit_free_chunks: 1.
 - use_allocation_guard: 0.
 - handle_deallocations: 1.


Internal statistics:

num_allocs_failed_limit: 0.
num_arena_births: 68.
num_arena_deaths: 0.
num_vsnodes_births: 3.
num_vsnodes_deaths: 0.
num_space_committed: 104.
num_space_uncommitted: 0.
num_chunks_returned_to_freelist: 0.
num_chunks_taken_from_freelist: 260.
num_chunk_merges: 0.
num_chunk_splits: 188.
num_chunks_enlarged: 155.
num_purges: 0.
num_inconsistent_stats: 0.

CodeHeap 'non-profiled nmethods': size=120000Kb used=400Kb max_used=400Kb free=119599Kb
 bounds [0x0000029850100000, 0x0000029850370000, 0x0000029857630000]
CodeHeap 'profiled nmethods': size=120000Kb used=1922Kb max_used=1922Kb free=118077Kb
 bounds [0x0000029848bd0000, 0x0000029848e40000, 0x0000029850100000]
CodeHeap 'non-nmethods': size=5760Kb used=1615Kb max_used=1630Kb free=4145Kb
 bounds [0x0000029848630000, 0x00000298488a0000, 0x0000029848bd0000]
 total_blobs=2166 nmethods=1134 adapters=945
 compilation: enabled
              stopped_count=0, restarted_count=0
 full_count=0

Compilation events (20 events):
Event: 5.242 Thread 0x000002985ececf90 nmethod 1120 0x0000029848da8b10 code [0x0000029848da8cc0, 0x0000029848da90f8]
Event: 5.242 Thread 0x000002985ececf90 1123       3       com.badlogic.gdx.math.Matrix4::setToLookAt (49 bytes)
Event: 5.243 Thread 0x000002985ececf90 nmethod 1123 0x0000029848da9290 code [0x0000029848da94c0, 0x0000029848da9a18]
Event: 5.243 Thread 0x000002985ececf90 1124       3       com.badlogic.gdx.math.Matrix4::inv (1502 bytes)
Event: 5.244 Thread 0x000002985ececf90 nmethod 1124 0x0000029848da9d10 code [0x0000029848da9ee0, 0x0000029848daa988]
Event: 5.291 Thread 0x000002985ece90a0 1127       4       java.nio.Buffer::limit (65 bytes)
Event: 5.291 Thread 0x000002985ece90a0 nmethod 1127 0x0000029850163b10 code [0x0000029850163c80, 0x0000029850163d78]
Event: 5.307 Thread 0x000002985ececf90 1128       3       com.badlogic.gdx.utils.SnapshotArray::end (80 bytes)
Event: 5.308 Thread 0x000002985ececf90 nmethod 1128 0x0000029848daab10 code [0x0000029848daace0, 0x0000029848dab278]
Event: 5.308 Thread 0x000002985ececf90 1129       3       com.badlogic.gdx.graphics.g2d.SpriteBatch::setTransformMatrix (32 bytes)
Event: 5.308 Thread 0x000002985ececf90 nmethod 1129 0x0000029848dab410 code [0x0000029848dab5e0, 0x0000029848dab888]
Event: 5.374 Thread 0x000002985ececf90 1130   !   3       com.badlogic.gdx.scenes.scene2d.Actor::notify (183 bytes)
Event: 5.375 Thread 0x000002985ececf90 nmethod 1130 0x0000029848daba10 code [0x0000029848dabd20, 0x0000029848dad318]
Event: 5.609 Thread 0x000002985ececf90 1131       1       com.badlogic.gdx.scenes.scene2d.Event::setTarget (6 bytes)
Event: 5.609 Thread 0x000002985ececf90 nmethod 1131 0x0000029850163e90 code [0x0000029850164020, 0x0000029850164138]
Event: 5.610 Thread 0x000002985ececf90 1132       3       java.lang.Integer::numberOfLeadingZeros (79 bytes)
Event: 5.610 Thread 0x000002985ececf90 nmethod 1132 0x0000029848dada10 code [0x0000029848dadbc0, 0x0000029848dade98]
Event: 5.611 Thread 0x000002985ececf90 1133       3       java.lang.String::substring (10 bytes)
Event: 5.611 Thread 0x000002985ececf90 nmethod 1133 0x0000029848dadf10 code [0x0000029848dae0c0, 0x0000029848dae308]
Event: 5.611 Thread 0x000002985ececf90 1134       3       com.badlogic.gdx.graphics.g2d.TextureAtlas$TextureAtlasData::readEntry (116 bytes)

GC Heap History (0 events):
No events

Deoptimization events (20 events):
Event: 1.797 Thread 0x0000029840b506d0 DEOPT PACKING pc=0x0000029848d36cde sp=0x000000c841dff250
Event: 1.797 Thread 0x0000029840b506d0 DEOPT UNPACKING pc=0x0000029848686763 sp=0x000000c841dfe798 mode 0
Event: 1.814 Thread 0x0000029840b506d0 DEOPT PACKING pc=0x0000029848d36cde sp=0x000000c841dff250
Event: 1.815 Thread 0x0000029840b506d0 DEOPT UNPACKING pc=0x0000029848686763 sp=0x000000c841dfe798 mode 0
Event: 2.635 Thread 0x0000029840b506d0 Uncommon trap: trap_request=0xffffff45 fr.pc=0x000002985010d9a8 relative=0x0000000000000128
Event: 2.635 Thread 0x0000029840b506d0 Uncommon trap: reason=unstable_if action=reinterpret pc=0x000002985010d9a8 method=java.lang.StringCoding.hasNegatives([BII)Z @ 12 c2
Event: 2.635 Thread 0x0000029840b506d0 DEOPT PACKING pc=0x000002985010d9a8 sp=0x000000c841dfe1a0
Event: 2.635 Thread 0x0000029840b506d0 DEOPT UNPACKING pc=0x0000029848685c23 sp=0x000000c841dfe148 mode 2
Event: 2.635 Thread 0x0000029840b506d0 Uncommon trap: trap_request=0xffffff45 fr.pc=0x0000029850152190 relative=0x0000000000001170
Event: 2.635 Thread 0x0000029840b506d0 Uncommon trap: reason=unstable_if action=reinterpret pc=0x0000029850152190 method=java.lang.StringUTF16.compress([CII)[B @ 13 c2
Event: 2.635 Thread 0x0000029840b506d0 DEOPT PACKING pc=0x0000029850152190 sp=0x000000c841dfe710
Event: 2.635 Thread 0x0000029840b506d0 DEOPT UNPACKING pc=0x0000029848685c23 sp=0x000000c841dfe528 mode 2
Event: 2.635 Thread 0x0000029840b506d0 Uncommon trap: trap_request=0xffffff45 fr.pc=0x0000029850115b5c relative=0x000000000000023c
Event: 2.635 Thread 0x0000029840b506d0 Uncommon trap: reason=unstable_if action=reinterpret pc=0x0000029850115b5c method=java.lang.String.startsWith(Ljava/lang/String;I)Z @ 50 c2
Event: 2.635 Thread 0x0000029840b506d0 DEOPT PACKING pc=0x0000029850115b5c sp=0x000000c841dfe760
Event: 2.635 Thread 0x0000029840b506d0 DEOPT UNPACKING pc=0x0000029848685c23 sp=0x000000c841dfe6c0 mode 2
Event: 2.635 Thread 0x0000029840b506d0 Uncommon trap: trap_request=0xffffff45 fr.pc=0x0000029850132708 relative=0x00000000000004e8
Event: 2.635 Thread 0x0000029840b506d0 Uncommon trap: reason=unstable_if action=reinterpret pc=0x0000029850132708 method=java.lang.String.substring(II)Ljava/lang/String; @ 31 c2
Event: 2.635 Thread 0x0000029840b506d0 DEOPT PACKING pc=0x0000029850132708 sp=0x000000c841dfe730
Event: 2.635 Thread 0x0000029840b506d0 DEOPT UNPACKING pc=0x0000029848685c23 sp=0x000000c841dfe6e8 mode 2

Classes unloaded (0 events):
No events

Classes redefined (0 events):
No events

Internal exceptions (20 events):
Event: 0.438 Thread 0x0000029840b506d0 Exception <a 'java/lang/NoSuchMethodError'{0x000000008c1e75e0}: 'int java.lang.invoke.DirectMethodHandle$Holder.invokeSpecial(java.lang.Object, java.lang.Object, java.lang.Object)'> (0x000000008c1e75e0) 
thrown [s\src\hotspot\share\interpreter\linkResolver.cpp, line 759]
Event: 0.470 Thread 0x0000029840b506d0 Exception <a 'sun/nio/fs/WindowsException'{0x000000008c08abc8}> (0x000000008c08abc8) 
thrown [s\src\hotspot\share\prims\jni.cpp, line 516]
Event: 0.470 Thread 0x0000029840b506d0 Exception <a 'sun/nio/fs/WindowsException'{0x000000008c08b148}> (0x000000008c08b148) 
thrown [s\src\hotspot\share\prims\jni.cpp, line 516]
Event: 0.481 Thread 0x0000029840b506d0 Exception <a 'java/lang/NoSuchMethodError'{0x000000008c0ccc20}: 'int java.lang.invoke.DirectMethodHandle$Holder.invokeStaticInit(java.lang.Object, java.lang.Object, int, long)'> (0x000000008c0ccc20) 
thrown [s\src\hotspot\share\interpreter\linkResolver.cpp, line 759]
Event: 0.482 Thread 0x0000029840b506d0 Exception <a 'java/lang/NoSuchMethodError'{0x000000008c0d24e8}: 'java.lang.Object java.lang.invoke.DirectMethodHandle$Holder.newInvokeSpecial(java.lang.Object, java.lang.Object, int)'> (0x000000008c0d24e8) 
thrown [s\src\hotspot\share\interpreter\linkResolver.cpp, line 759]
Event: 0.483 Thread 0x0000029840b506d0 Exception <a 'java/lang/NoSuchMethodError'{0x000000008c0e7278}: 'int java.lang.invoke.DirectMethodHandle$Holder.invokeStaticInit(java.lang.Object, java.lang.Object, long, long)'> (0x000000008c0e7278) 
thrown [s\src\hotspot\share\interpreter\linkResolver.cpp, line 759]
Event: 0.484 Thread 0x0000029840b506d0 Exception <a 'java/lang/NoSuchMethodError'{0x000000008c0ed898}: 'java.lang.Object java.lang.invoke.DirectMethodHandle$Holder.newInvokeSpecial(java.lang.Object, java.lang.Object, long)'> (0x000000008c0ed898) 
thrown [s\src\hotspot\share\interpreter\linkResolver.cpp, line 759]
Event: 0.485 Thread 0x0000029840b506d0 Exception <a 'java/lang/NoSuchMethodError'{0x000000008c0f18e0}: 'java.lang.Object java.lang.invoke.Invokers$Holder.linkToTargetMethod(java.lang.Object, long, java.lang.Object)'> (0x000000008c0f18e0) 
thrown [s\src\hotspot\share\interpreter\linkResolver.cpp, line 759]
Event: 0.485 Thread 0x0000029840b506d0 Exception <a 'java/lang/NoSuchMethodError'{0x000000008c0f8ff8}: 'int java.lang.invoke.DirectMethodHandle$Holder.invokeStaticInit(java.lang.Object, java.lang.Object, java.lang.Object, long)'> (0x000000008c0f8ff8) 
thrown [s\src\hotspot\share\interpreter\linkResolver.cpp, line 759]
Event: 0.506 Thread 0x0000029840b506d0 Exception <a 'sun/nio/fs/WindowsException'{0x000000008bfb1c50}> (0x000000008bfb1c50) 
thrown [s\src\hotspot\share\prims\jni.cpp, line 516]
Event: 0.506 Thread 0x0000029840b506d0 Exception <a 'sun/nio/fs/WindowsException'{0x000000008bfb2010}> (0x000000008bfb2010) 
thrown [s\src\hotspot\share\prims\jni.cpp, line 516]
Event: 0.525 Thread 0x0000029840b506d0 Exception <a 'sun/nio/fs/WindowsException'{0x000000008be71ac0}> (0x000000008be71ac0) 
thrown [s\src\hotspot\share\prims\jni.cpp, line 516]
Event: 0.525 Thread 0x0000029840b506d0 Exception <a 'sun/nio/fs/WindowsException'{0x000000008be71e50}> (0x000000008be71e50) 
thrown [s\src\hotspot\share\prims\jni.cpp, line 516]
Event: 0.559 Thread 0x0000029840b506d0 Exception <a 'sun/nio/fs/WindowsException'{0x000000008bd00b40}> (0x000000008bd00b40) 
thrown [s\src\hotspot\share\prims\jni.cpp, line 516]
Event: 0.559 Thread 0x0000029840b506d0 Exception <a 'sun/nio/fs/WindowsException'{0x000000008bd00ef0}> (0x000000008bd00ef0) 
thrown [s\src\hotspot\share\prims\jni.cpp, line 516]
Event: 1.045 Thread 0x0000029840b506d0 Exception <a 'java/lang/NoSuchMethodError'{0x000000008bd4b0b8}: 'java.lang.Object java.lang.invoke.DirectMethodHandle$Holder.newInvokeSpecial(java.lang.Object, long)'> (0x000000008bd4b0b8) 
thrown [s\src\hotspot\share\interpreter\linkResolver.cpp, line 759]
Event: 1.142 Thread 0x0000029840b506d0 Exception <a 'sun/nio/fs/WindowsException'{0x000000008bc6f140}> (0x000000008bc6f140) 
thrown [s\src\hotspot\share\prims\jni.cpp, line 516]
Event: 1.142 Thread 0x0000029840b506d0 Exception <a 'sun/nio/fs/WindowsException'{0x000000008bc6f518}> (0x000000008bc6f518) 
thrown [s\src\hotspot\share\prims\jni.cpp, line 516]
Event: 1.145 Thread 0x0000029840b506d0 Exception <a 'sun/nio/fs/WindowsException'{0x000000008bc7e198}> (0x000000008bc7e198) 
thrown [s\src\hotspot\share\prims\jni.cpp, line 516]
Event: 1.145 Thread 0x0000029840b506d0 Exception <a 'sun/nio/fs/WindowsException'{0x000000008bc7e4a8}> (0x000000008bc7e4a8) 
thrown [s\src\hotspot\share\prims\jni.cpp, line 516]

VM Operations (20 events):
Event: 0.169 Executing VM operation: HandshakeAllThreads
Event: 0.169 Executing VM operation: HandshakeAllThreads done
Event: 0.397 Executing VM operation: HandshakeAllThreads
Event: 0.397 Executing VM operation: HandshakeAllThreads done
Event: 0.436 Executing VM operation: HandshakeAllThreads
Event: 0.436 Executing VM operation: HandshakeAllThreads done
Event: 1.193 Executing VM operation: HandshakeAllThreads
Event: 1.193 Executing VM operation: HandshakeAllThreads done
Event: 1.193 Executing VM operation: Cleanup
Event: 1.194 Executing VM operation: Cleanup done
Event: 2.203 Executing VM operation: Cleanup
Event: 2.203 Executing VM operation: Cleanup done
Event: 2.642 Executing VM operation: HandshakeAllThreads
Event: 2.642 Executing VM operation: HandshakeAllThreads done
Event: 2.650 Executing VM operation: HandshakeAllThreads
Event: 2.650 Executing VM operation: HandshakeAllThreads done
Event: 3.650 Executing VM operation: Cleanup
Event: 3.651 Executing VM operation: Cleanup done
Event: 4.651 Executing VM operation: Cleanup
Event: 4.651 Executing VM operation: Cleanup done

Events (20 events):
Event: 3.677 loading class jdk/internal/reflect/ByteVectorImpl
Event: 3.677 loading class jdk/internal/reflect/ByteVector
Event: 3.677 loading class jdk/internal/reflect/ByteVector done
Event: 3.677 loading class jdk/internal/reflect/ByteVectorImpl done
Event: 3.677 loading class jdk/internal/reflect/ClassFileAssembler
Event: 3.677 loading class jdk/internal/reflect/ClassFileAssembler done
Event: 3.677 loading class jdk/internal/reflect/UTF8
Event: 3.677 loading class jdk/internal/reflect/UTF8 done
Event: 3.678 loading class jdk/internal/reflect/Label
Event: 3.678 loading class jdk/internal/reflect/Label done
Event: 3.678 loading class jdk/internal/reflect/Label$PatchInfo
Event: 3.678 loading class jdk/internal/reflect/Label$PatchInfo done
Event: 3.678 loading class jdk/internal/reflect/MethodAccessorGenerator$1
Event: 3.678 loading class jdk/internal/reflect/MethodAccessorGenerator$1 done
Event: 3.678 loading class jdk/internal/reflect/ClassDefiner
Event: 3.678 loading class jdk/internal/reflect/ClassDefiner done
Event: 3.678 loading class jdk/internal/reflect/ClassDefiner$1
Event: 3.678 loading class jdk/internal/reflect/ClassDefiner$1 done
Event: 3.678 loading class jdk/internal/reflect/BootstrapConstructorAccessorImpl
Event: 3.678 loading class jdk/internal/reflect/BootstrapConstructorAccessorImpl done


Dynamic libraries:
0x00007ff735ed0000 - 0x00007ff735ede000 	C:\Program Files\Eclipse Adoptium\jdk-17.0.4.8-hotspot\bin\java.exe
0x00007fff223a0000 - 0x00007fff225a9000 	C:\WINDOWS\SYSTEM32\ntdll.dll
0x00007fff20de0000 - 0x00007fff20e9e000 	C:\WINDOWS\System32\KERNEL32.DLL
0x00007fff1f870000 - 0x00007fff1fbeb000 	C:\WINDOWS\System32\KERNELBASE.dll
0x00007fff1fcb0000 - 0x00007fff1fdc1000 	C:\WINDOWS\System32\ucrtbase.dll
0x00007fff11250000 - 0x00007fff11269000 	C:\Program Files\Eclipse Adoptium\jdk-17.0.4.8-hotspot\bin\VCRUNTIME140.dll
0x00007ffefe990000 - 0x00007ffefe9a8000 	C:\Program Files\Eclipse Adoptium\jdk-17.0.4.8-hotspot\bin\jli.dll
0x00007fff21740000 - 0x00007fff218ed000 	C:\WINDOWS\System32\USER32.dll
0x00007fff20010000 - 0x00007fff20036000 	C:\WINDOWS\System32\win32u.dll
0x00007fff12420000 - 0x00007fff126c5000 	C:\WINDOWS\WinSxS\amd64_microsoft.windows.common-controls_6595b64144ccf1df_6.0.22000.120_none_9d947278b86cc467\COMCTL32.dll
0x00007fff20220000 - 0x00007fff20249000 	C:\WINDOWS\System32\GDI32.dll
0x00007fff21d20000 - 0x00007fff21dc3000 	C:\WINDOWS\System32\msvcrt.dll
0x00007fff1fe50000 - 0x00007fff1ff68000 	C:\WINDOWS\System32\gdi32full.dll
0x00007fff1ff70000 - 0x00007fff2000d000 	C:\WINDOWS\System32\msvcp_win.dll
0x00007fff218f0000 - 0x00007fff21922000 	C:\WINDOWS\System32\IMM32.DLL
0x00007fff113b0000 - 0x00007fff113bc000 	C:\Program Files\Eclipse Adoptium\jdk-17.0.4.8-hotspot\bin\vcruntime140_1.dll
0x00007ffecb320000 - 0x00007ffecb3b1000 	C:\Program Files\Eclipse Adoptium\jdk-17.0.4.8-hotspot\bin\msvcp140.dll
0x00007ffec7af0000 - 0x00007ffec8736000 	C:\Program Files\Eclipse Adoptium\jdk-17.0.4.8-hotspot\bin\server\jvm.dll
0x00007fff222b0000 - 0x00007fff2235e000 	C:\WINDOWS\System32\ADVAPI32.dll
0x00007fff216a0000 - 0x00007fff2173e000 	C:\WINDOWS\System32\sechost.dll
0x00007fff20bd0000 - 0x00007fff20cf0000 	C:\WINDOWS\System32\RPCRT4.dll
0x00007fff21c90000 - 0x00007fff21c98000 	C:\WINDOWS\System32\PSAPI.DLL
0x00007fff17f00000 - 0x00007fff17f33000 	C:\WINDOWS\SYSTEM32\WINMM.dll
0x00007fff17ef0000 - 0x00007fff17efa000 	C:\WINDOWS\SYSTEM32\VERSION.dll
0x00007fff0c290000 - 0x00007fff0c299000 	C:\WINDOWS\SYSTEM32\WSOCK32.dll
0x00007fff21c20000 - 0x00007fff21c8f000 	C:\WINDOWS\System32\WS2_32.dll
0x00007fff1e8d0000 - 0x00007fff1e8e8000 	C:\WINDOWS\SYSTEM32\kernel.appcore.dll
0x00007fff008f0000 - 0x00007fff008fa000 	C:\Program Files\Eclipse Adoptium\jdk-17.0.4.8-hotspot\bin\jimage.dll
0x00007fff1d1e0000 - 0x00007fff1d401000 	C:\WINDOWS\SYSTEM32\DBGHELP.DLL
0x00007fff163c0000 - 0x00007fff163f1000 	C:\WINDOWS\SYSTEM32\dbgcore.DLL
0x00007fff1fdd0000 - 0x00007fff1fe4f000 	C:\WINDOWS\System32\bcryptPrimitives.dll
0x00007ffee4910000 - 0x00007ffee4935000 	C:\Program Files\Eclipse Adoptium\jdk-17.0.4.8-hotspot\bin\java.dll
0x00007ffecaaf0000 - 0x00007ffecabc6000 	C:\Program Files\Eclipse Adoptium\jdk-17.0.4.8-hotspot\bin\jsvml.dll
0x00007fff20ee0000 - 0x00007fff21698000 	C:\WINDOWS\System32\SHELL32.dll
0x00007fff1d920000 - 0x00007fff1e185000 	C:\WINDOWS\SYSTEM32\windows.storage.dll
0x00007fff20390000 - 0x00007fff20708000 	C:\WINDOWS\System32\combase.dll
0x00007fff1d7b0000 - 0x00007fff1d916000 	C:\WINDOWS\SYSTEM32\wintypes.dll
0x00007fff21990000 - 0x00007fff21a7a000 	C:\WINDOWS\System32\SHCORE.dll
0x00007fff21930000 - 0x00007fff2198d000 	C:\WINDOWS\System32\shlwapi.dll
0x00007fff1f7a0000 - 0x00007fff1f7c1000 	C:\WINDOWS\SYSTEM32\profapi.dll
0x00007ffee48f0000 - 0x00007ffee4909000 	C:\Program Files\Eclipse Adoptium\jdk-17.0.4.8-hotspot\bin\net.dll
0x00007fff18b80000 - 0x00007fff18c94000 	C:\WINDOWS\SYSTEM32\WINHTTP.dll
0x00007fff1ee00000 - 0x00007fff1ee67000 	C:\WINDOWS\system32\mswsock.dll
0x00007ffee1cc0000 - 0x00007ffee1cd5000 	C:\Program Files\Eclipse Adoptium\jdk-17.0.4.8-hotspot\bin\nio.dll
0x00007ffee02a0000 - 0x00007ffee02b8000 	C:\Program Files\Eclipse Adoptium\jdk-17.0.4.8-hotspot\bin\zip.dll
0x0000000070ce0000 - 0x0000000070d09000 	C:\Users\Rishav Raj\AppData\Local\Temp\libgdxRishav Raj\e787ab0a\gdx64.dll
0x00007ffed51c0000 - 0x00007ffed5235000 	C:\Users\Rishav Raj\AppData\Local\Temp\lwjglRishav Raj\3.3.1-build-7\lwjgl.dll
0x00007ffec2a80000 - 0x00007ffec2cd9000 	C:\Users\RISHAV~1\AppData\Local\Temp\lwjglRishav Raj\3.3.1-build-7\jemalloc.dll
0x00007ffec7000000 - 0x00007ffec7061000 	C:\Users\RISHAV~1\AppData\Local\Temp\lwjglRishav Raj\3.3.1-build-7\glfw.dll
0x00007fff079f0000 - 0x00007fff07a35000 	C:\WINDOWS\SYSTEM32\dinput8.dll
0x00007fff11070000 - 0x00007fff11081000 	C:\WINDOWS\SYSTEM32\xinput1_4.dll
0x00007fff1f570000 - 0x00007fff1f5bc000 	C:\WINDOWS\SYSTEM32\cfgmgr32.dll
0x00007fff1f540000 - 0x00007fff1f56c000 	C:\WINDOWS\SYSTEM32\DEVOBJ.dll
0x00007fff1cd80000 - 0x00007fff1cdaf000 	C:\WINDOWS\SYSTEM32\dwmapi.dll
0x00007ffefb620000 - 0x00007ffefb7e9000 	C:\WINDOWS\SYSTEM32\inputhost.dll
0x00007fff18ee0000 - 0x00007fff19011000 	C:\WINDOWS\SYSTEM32\CoreMessaging.dll
0x00007fff1ca20000 - 0x00007fff1cacc000 	C:\WINDOWS\system32\uxtheme.dll
0x00007fff20250000 - 0x00007fff2036d000 	C:\WINDOWS\System32\MSCTF.dll
0x00007fff1f060000 - 0x00007fff1f06c000 	C:\WINDOWS\SYSTEM32\CRYPTBASE.DLL
0x00007ffec28e0000 - 0x00007ffec2a77000 	C:\Users\RISHAV~1\AppData\Local\Temp\lwjglRishav Raj\3.3.1-build-7\OpenAL.dll
0x00007fff21a80000 - 0x00007fff21c1a000 	C:\WINDOWS\System32\ole32.dll
0x00007fff20860000 - 0x00007fff20915000 	C:\WINDOWS\System32\clbcatq.dll
0x00007fff16910000 - 0x00007fff169ab000 	C:\WINDOWS\System32\MMDevApi.dll
0x00007fff07f60000 - 0x00007fff08133000 	C:\WINDOWS\SYSTEM32\AUDIOSES.DLL
0x00007fff1cc80000 - 0x00007fff1cc95000 	C:\WINDOWS\SYSTEM32\resourcepolicyclient.dll
0x00007fff1f230000 - 0x00007fff1f27d000 	C:\WINDOWS\SYSTEM32\powrprof.dll
0x00007fff1f1e0000 - 0x00007fff1f1f3000 	C:\WINDOWS\SYSTEM32\UMPDC.dll
0x00007ffee8500000 - 0x00007ffee8601000 	C:\WINDOWS\SYSTEM32\opengl32.dll
0x00007fff00900000 - 0x00007fff0092d000 	C:\WINDOWS\SYSTEM32\GLU32.dll
0x00007fff1cb20000 - 0x00007fff1cb58000 	C:\WINDOWS\SYSTEM32\dxcore.dll
0x00007ffefec30000 - 0x00007ffefec74000 	C:\WINDOWS\SYSTEM32\directxdatabasehelper.dll
0x00007fff1e8f0000 - 0x00007fff1e924000 	C:\WINDOWS\SYSTEM32\ntmarta.dll
0x00007fff161d0000 - 0x00007fff16304000 	C:\Windows\System32\AppXDeploymentClient.dll
0x00007fff15ce0000 - 0x00007fff15ed0000 	C:\WINDOWS\SYSTEM32\urlmon.dll
0x00007fff15750000 - 0x00007fff15a03000 	C:\Windows\System32\iertutil.dll
0x00007fff1e3d0000 - 0x00007fff1e3dc000 	C:\Windows\System32\netutils.dll
0x00007fff161a0000 - 0x00007fff161c8000 	C:\Windows\System32\srvcli.dll
0x00007ffea3780000 - 0x00007ffea4807000 	C:\WINDOWS\System32\DriverStore\FileRepository\iigd_dch.inf_amd64_e32ced29f236e322\igxelpicd64.dll
0x00007fff1cb60000 - 0x00007fff1cc53000 	C:\WINDOWS\system32\dxgi.dll
0x00007ffea5f20000 - 0x00007ffea605c000 	C:\WINDOWS\System32\DriverStore\FileRepository\iigd_dch.inf_amd64_e32ced29f236e322\igdml64.dll
0x00007ffef9740000 - 0x00007ffef9b49000 	C:\WINDOWS\System32\DriverStore\FileRepository\iigd_dch.inf_amd64_e32ced29f236e322\igdgmm64.dll
0x00007fff20040000 - 0x00007fff200a8000 	C:\WINDOWS\System32\WINTRUST.dll
0x00007fff200b0000 - 0x00007fff20212000 	C:\WINDOWS\System32\CRYPT32.dll
0x00007fff1f0a0000 - 0x00007fff1f0b2000 	C:\WINDOWS\SYSTEM32\MSASN1.dll
0x00007ffef5b70000 - 0x00007ffef9304000 	C:\WINDOWS\System32\DriverStore\FileRepository\iigd_dch.inf_amd64_e32ced29f236e322\igc64.dll
0x00007ffecc710000 - 0x00007ffecc76d000 	C:\Users\Rishav Raj\AppData\Local\Temp\lwjglRishav Raj\3.3.1-build-7\lwjgl_opengl.dll
0x00007ffef9610000 - 0x00007ffef973d000 	C:\WINDOWS\SYSTEM32\textinputframework.dll
0x00007fff20780000 - 0x00007fff20856000 	C:\WINDOWS\System32\OLEAUT32.dll
0x00007ffefd270000 - 0x00007ffefd5dd000 	C:\WINDOWS\SYSTEM32\CoreUIComponents.dll

dbghelp: loaded successfully - version: 4.0.5 - missing functions: none
symbol engine: initialized successfully - sym options: 0x614 - pdb path: .;C:\Program Files\Eclipse Adoptium\jdk-17.0.4.8-hotspot\bin;C:\WINDOWS\SYSTEM32;C:\WINDOWS\WinSxS\amd64_microsoft.windows.common-controls_6595b64144ccf1df_6.0.22000.120_none_9d947278b86cc467;C:\Program Files\Eclipse Adoptium\jdk-17.0.4.8-hotspot\bin\server;C:\Users\Rishav Raj\AppData\Local\Temp\libgdxRishav Raj\e787ab0a;C:\Users\Rishav Raj\AppData\Local\Temp\lwjglRishav Raj\3.3.1-build-7;C:\Users\RISHAV~1\AppData\Local\Temp\lwjglRishav Raj\3.3.1-build-7;C:\WINDOWS\System32\DriverStore\FileRepository\iigd_dch.inf_amd64_e32ced29f236e322

VM Arguments:
jvm_args: -Dfile.encoding=windows-1252 -Duser.country=IN -Duser.language=en -Duser.variant 
java_command: com.stars.game.DesktopLauncher
java_class_path (initial): D:\Dead2\desktop\build\classes\java\main;D:\Dead2\desktop\build\resources\main;C:\Users\Rishav Raj\.gradle\caches\modules-2\files-2.1\com.badlogicgames.gdx\gdx-backend-lwjgl3\1.11.0\58a96db4cd349be4292d547856aa1e1c5f065f4e\gdx-backend-lwjgl3-1.11.0.jar;C:\Users\Rishav Raj\.gradle\caches\modules-2\files-2.1\com.badlogicgames.gdx\gdx-platform\1.11.0\697fb13eada6d3c6ca648c9788692b0159add126\gdx-platform-1.11.0-natives-desktop.jar;C:\Users\Rishav Raj\.gradle\caches\modules-2\files-2.1\com.badlogicgames.gdx\gdx-box2d-platform\1.11.0\62ff9baa1e57a11e0a4428a38c9660bf9f312fdc\gdx-box2d-platform-1.11.0-natives-desktop.jar;C:\Users\Rishav Raj\.gradle\caches\modules-2\files-2.1\com.badlogicgames.gdx-controllers\gdx-controllers-desktop\2.2.1\cb3430c32468a090eca54d494d16bb3764ceff9b\gdx-controllers-desktop-2.2.1.jar;C:\Users\Rishav Raj\.gradle\caches\modules-2\files-2.1\com.badlogicgames.gdx\gdx-freetype-platform\1.11.0\420e2c2c206843a0d51010be28a141a1eb946235\gdx-freetype-platform-1.11.0-natives-desktop.jar;C:\Users\Rishav Raj\.gradle\caches\modules-2\files-2.1\com.badlogicgames.gdx\gdx-bullet-platform\1.11.0\2c067b913a306ba26d482075297538ad91cdb88b\gdx-bullet-platform-1.11.0-natives-desktop.jar;D:\Dead2\core\build\libs\core-1.0.jar;C:\Users\Rishav Raj\.gradle\caches\modules-2\files-2.1\com.badlogicgames.gdx-controllers\gdx-controllers-core\2.2.1\8aca0dc002a8daf6a6d28f49c44e25189dd93fd7\gdx-controllers-core-2.2.1.jar;C:\Users\Rishav Raj\.gradle\caches\modules-2\files-2.1\com.badlogicgames.box2dlights\box2dlights\1.5\6902dbcd250c95a27973aa24a147a95b3828d348\box2dlights-1.5.jar;C:\Users\Rishav Raj\.gradle\caches\modules-2\files-2.1\com.badlogicgames.gdx\gdx-box2d\1.11.0\ad4facee800dd945d6d6e93dea2936bc135b5f\gdx-box2d-1.11.0.jar;C:\Users\Rishav Raj\.gradle\caches\modules-2\files-2.1\com.badlogicgames.gdx\gdx-freetype\1.11.0\a3634ad2e6c56d251268d6ab5c0f66eee2841f2c\gdx-freetype-1.11.0.jar;C:\Users\Rishav Raj\.gradle\caches\modules-2\files-2.1\com.badlo
Launcher Type: SUN_STANDARD

[Global flags]
     intx CICompilerCount                          = 4                                         {product} {ergonomic}
     uint ConcGCThreads                            = 2                                         {product} {ergonomic}
     uint G1ConcRefinementThreads                  = 8                                         {product} {ergonomic}
   size_t G1HeapRegionSize                         = 1048576                                   {product} {ergonomic}
    uintx GCDrainStackTargetSize                   = 64                                        {product} {ergonomic}
   size_t InitialHeapSize                          = 130023424                                 {product} {ergonomic}
   size_t MarkStackSize                            = 4194304                                   {product} {ergonomic}
   size_t MaxHeapSize                              = 2067791872                                {product} {ergonomic}
   size_t MaxNewSize                               = 1240465408                                {product} {ergonomic}
   size_t MinHeapDeltaBytes                        = 1048576                                   {product} {ergonomic}
   size_t MinHeapSize                              = 8388608                                   {product} {ergonomic}
    uintx NonNMethodCodeHeapSize                   = 5839372                                {pd product} {ergonomic}
    uintx NonProfiledCodeHeapSize                  = 122909434                              {pd product} {ergonomic}
    uintx ProfiledCodeHeapSize                     = 122909434                              {pd product} {ergonomic}
    uintx ReservedCodeCacheSize                    = 251658240                              {pd product} {ergonomic}
     bool SegmentedCodeCache                       = true                                      {product} {ergonomic}
   size_t SoftMaxHeapSize                          = 2067791872                             {manageable} {ergonomic}
     bool UseCompressedClassPointers               = true                           {product lp64_product} {ergonomic}
     bool UseCompressedOops                        = true                           {product lp64_product} {ergonomic}
     bool UseG1GC                                  = true                                      {product} {ergonomic}
     bool UseLargePagesIndividualAllocation        = false                                  {pd product} {ergonomic}

Logging:
Log output configuration:
 #0: stdout all=warning uptime,level,tags
 #1: stderr all=off uptime,level,tags

Environment Variables:
PATH=C:\Program Files\Eclipse Adoptium\jdk-17.0.4.8-hotspot\bin;C:\Program Files\Common Files\Oracle\Java\javapath;C:\WINDOWS\system32;C:\WINDOWS;C:\WINDOWS\System32\Wbem;C:\WINDOWS\System32\WindowsPowerShell\v1.0\;C:\WINDOWS\System32\OpenSSH\;C:\Program Files\Git\cmd;C:\Users\Rishav Raj\AppData\Local\Microsoft\WindowsApps;C:\Users\Rishav Raj\AppData\Local\Programs\Microsoft VS Code\bin;C:\MinGW\bin;;C:\Program Files\JetBrains\IntelliJ IDEA Community Edition 2022.2\bin;
USERNAME=Rishav Raj
OS=Windows_NT
PROCESSOR_IDENTIFIER=Intel64 Family 6 Model 140 Stepping 1, GenuineIntel
TMP=C:\Users\RISHAV~1\AppData\Local\Temp
TEMP=C:\Users\RISHAV~1\AppData\Local\Temp



---------------  S Y S T E M  ---------------

OS:
 Windows 11 , 64 bit Build 22000 (10.0.22000.1219)
OS uptime: 3 days 10:35 hours
Hyper-V role detected

CPU: total 8 (initial active 8) (4 cores per cpu, 2 threads per core) family 6 model 140 stepping 1 microcode 0x86, cx8, cmov, fxsr, ht, mmx, 3dnowpref, sse, sse2, sse3, ssse3, sse4.1, sse4.2, popcnt, lzcnt, tsc, tscinvbit, avx, avx2, aes, erms, clmul, bmi1, bmi2, adx, avx512f, avx512dq, avx512cd, avx512bw, avx512vl, sha, fma, vzeroupper, avx512_vpopcntdq, avx512_vpclmulqdq, avx512_vaes, avx512_vnni, clflush, clflushopt, clwb, avx512_vbmi2, avx512_vbmi, hv

Memory: 4k page, system-wide physical 7886M (1551M free)
TotalPageFile size 19812M (AvailPageFile size 10792M)
current process WorkingSet (physical memory assigned to process): 186M, peak: 191M
current process commit charge ("private bytes"): 303M, peak: 310M

vm_info: OpenJDK 64-Bit Server VM (17.0.4+8) for windows-amd64 JRE (17.0.4+8), built on Jul 19 2022 16:05:16 by "temurin" with MS VC++ 16.7 (VS2019)

END.
